<?xml version="1.0" encoding="UTF-8"?>
<testsuite name="eriklopess.testes.calculatorprogram.calculator.CalculatorTest" tests="1" skipped="0" failures="0" errors="0" timestamp="2022-10-08T02:58:21" hostname="DESKTOP-J3EGPLE" time="0.026">
  <properties/>
  <testcase name="ShouldReturnZeroWhenNoValueWereGiven()" classname="eriklopess.testes.calculatorprogram.calculator.CalculatorTest" time="0.026"/>
  <system-out><![CDATA[]]></system-out>
  <system-err><![CDATA[]]></system-err>
</testsuite>
